CRITICAL - 2021-10-07 19:03:50 --> Undefined variable $label_suggestions
#0 C:\Users\Home\Documents\SPSDev\EpicPlan4\app\Views\tickets\batch_merge\modal_form.php(69): CodeIgniter\Debug\Exceptions->errorHandler()
#1 C:\Users\Home\Documents\SPSDev\EpicPlan4\system\View\View.php(230): include('...')
#2 C:\Users\Home\Documents\SPSDev\EpicPlan4\system\View\View.php(232): CodeIgniter\View\View->CodeIgniter\View\{closure}()
#3 C:\Users\Home\Documents\SPSDev\EpicPlan4\system\Common.php(1271): CodeIgniter\View\View->render()
#4 C:\Users\Home\Documents\SPSDev\EpicPlan4\app\Libraries\Template.php(38): view()
#5 C:\Users\Home\Documents\SPSDev\EpicPlan4\app\Controllers\Tickets.php(989): App\Libraries\Template->view()
#6 C:\Users\Home\Documents\SPSDev\EpicPlan4\system\CodeIgniter.php(928): App\Controllers\Tickets->batch_merge_modal_form()
#7 C:\Users\Home\Documents\SPSDev\EpicPlan4\system\CodeIgniter.php(436): CodeIgniter\CodeIgniter->runController()
#8 C:\Users\Home\Documents\SPSDev\EpicPlan4\system\CodeIgniter.php(336): CodeIgniter\CodeIgniter->handleRequest()
#9 C:\Users\Home\Documents\SPSDev\EpicPlan4\index.php(68): CodeIgniter\CodeIgniter->run()
#10 {main}
CRITICAL - 2021-10-07 19:05:36 --> Undefined variable $label_suggestions
#0 C:\Users\Home\Documents\SPSDev\EpicPlan4\app\Views\tickets\batch_merge\modal_form.php(69): CodeIgniter\Debug\Exceptions->errorHandler()
#1 C:\Users\Home\Documents\SPSDev\EpicPlan4\system\View\View.php(230): include('...')
#2 C:\Users\Home\Documents\SPSDev\EpicPlan4\system\View\View.php(232): CodeIgniter\View\View->CodeIgniter\View\{closure}()
#3 C:\Users\Home\Documents\SPSDev\EpicPlan4\system\Common.php(1271): CodeIgniter\View\View->render()
#4 C:\Users\Home\Documents\SPSDev\EpicPlan4\app\Libraries\Template.php(38): view()
#5 C:\Users\Home\Documents\SPSDev\EpicPlan4\app\Controllers\Tickets.php(989): App\Libraries\Template->view()
#6 C:\Users\Home\Documents\SPSDev\EpicPlan4\system\CodeIgniter.php(928): App\Controllers\Tickets->batch_merge_modal_form()
#7 C:\Users\Home\Documents\SPSDev\EpicPlan4\system\CodeIgniter.php(436): CodeIgniter\CodeIgniter->runController()
#8 C:\Users\Home\Documents\SPSDev\EpicPlan4\system\CodeIgniter.php(336): CodeIgniter\CodeIgniter->handleRequest()
#9 C:\Users\Home\Documents\SPSDev\EpicPlan4\index.php(68): CodeIgniter\CodeIgniter->run()
#10 {main}
CRITICAL - 2021-10-07 19:13:20 --> Call to undefined function App\Controllers\alert()
#0 C:\Users\Home\Documents\SPSDev\EpicPlan4\system\CodeIgniter.php(928): App\Controllers\Tickets->batch_merge_modal_form()
#1 C:\Users\Home\Documents\SPSDev\EpicPlan4\system\CodeIgniter.php(436): CodeIgniter\CodeIgniter->runController()
#2 C:\Users\Home\Documents\SPSDev\EpicPlan4\system\CodeIgniter.php(336): CodeIgniter\CodeIgniter->handleRequest()
#3 C:\Users\Home\Documents\SPSDev\EpicPlan4\index.php(68): CodeIgniter\CodeIgniter->run()
#4 {main}
CRITICAL - 2021-10-07 19:13:42 --> Call to undefined function App\Controllers\alert()
#0 C:\Users\Home\Documents\SPSDev\EpicPlan4\system\CodeIgniter.php(928): App\Controllers\Tickets->batch_merge_modal_form()
#1 C:\Users\Home\Documents\SPSDev\EpicPlan4\system\CodeIgniter.php(436): CodeIgniter\CodeIgniter->runController()
#2 C:\Users\Home\Documents\SPSDev\EpicPlan4\system\CodeIgniter.php(336): CodeIgniter\CodeIgniter->handleRequest()
#3 C:\Users\Home\Documents\SPSDev\EpicPlan4\index.php(68): CodeIgniter\CodeIgniter->run()
#4 {main}
CRITICAL - 2021-10-07 19:15:41 --> Call to undefined function App\Controllers\alert()
#0 C:\Users\Home\Documents\SPSDev\EpicPlan4\system\CodeIgniter.php(928): App\Controllers\Tickets->batch_merge_modal_form()
#1 C:\Users\Home\Documents\SPSDev\EpicPlan4\system\CodeIgniter.php(436): CodeIgniter\CodeIgniter->runController()
#2 C:\Users\Home\Documents\SPSDev\EpicPlan4\system\CodeIgniter.php(336): CodeIgniter\CodeIgniter->handleRequest()
#3 C:\Users\Home\Documents\SPSDev\EpicPlan4\index.php(68): CodeIgniter\CodeIgniter->run()
#4 {main}
