CRITICAL - 2021-06-24 11:48:30 --> CodeIgniter\Language\Language::requireFile(): Return value must be of type array, int returned
#0 C:\Apps\EpicPlan4\system\Language\Language.php(275): CodeIgniter\Language\Language->requireFile()
#1 C:\Apps\EpicPlan4\system\Language\Language.php(198): CodeIgniter\Language\Language->load()
#2 C:\Apps\EpicPlan4\system\Language\Language.php(118): CodeIgniter\Language\Language->parseLine()
#3 C:\Apps\EpicPlan4\system\Common.php(789): CodeIgniter\Language\Language->getLine()
#4 C:\Apps\EpicPlan4\app\Helpers\general_helper.php(1771): lang()
#5 C:\Apps\EpicPlan4\app\Views\includes\plugin_language_js.php(3): app_lang()
#6 C:\Apps\EpicPlan4\system\View\View.php(220): include('...')
#7 C:\Apps\EpicPlan4\system\View\View.php(222): CodeIgniter\View\View->CodeIgniter\View\{closure}()
#8 C:\Apps\EpicPlan4\system\Common.php(1217): CodeIgniter\View\View->render()
#9 C:\Apps\EpicPlan4\app\Views\includes\head.php(4): view()
#10 C:\Apps\EpicPlan4\system\View\View.php(220): include('...')
#11 C:\Apps\EpicPlan4\system\View\View.php(222): CodeIgniter\View\View->CodeIgniter\View\{closure}()
#12 C:\Apps\EpicPlan4\system\Common.php(1217): CodeIgniter\View\View->render()
#13 C:\Apps\EpicPlan4\app\Views\signin\index.php(4): view()
#14 C:\Apps\EpicPlan4\system\View\View.php(220): include('...')
#15 C:\Apps\EpicPlan4\system\View\View.php(222): CodeIgniter\View\View->CodeIgniter\View\{closure}()
#16 C:\Apps\EpicPlan4\system\Common.php(1217): CodeIgniter\View\View->render()
#17 C:\Apps\EpicPlan4\app\Libraries\Template.php(38): view()
#18 C:\Apps\EpicPlan4\app\Controllers\Signin.php(25): App\Libraries\Template->view()
#19 C:\Apps\EpicPlan4\system\CodeIgniter.php(936): App\Controllers\Signin->index()
#20 C:\Apps\EpicPlan4\system\CodeIgniter.php(432): CodeIgniter\CodeIgniter->runController()
#21 C:\Apps\EpicPlan4\system\CodeIgniter.php(333): CodeIgniter\CodeIgniter->handleRequest()
#22 C:\Apps\EpicPlan4\index.php(67): CodeIgniter\CodeIgniter->run()
#23 {main}
